#
# A fatal error has been detected by the Java Runtime Environment:
#
#  Internal Error (classFileParser.cpp:3494), pid=5927, tid=140150627800832
#  Error: ShouldNotReachHere()
#
# JRE version: 6.0_26-b03
# Java VM: Java HotSpot(TM) 64-Bit Server VM (20.1-b02 mixed mode linux-amd64 compressed oops)
# If you would like to submit a bug report, please visit:
#   http://java.sun.com/webapps/bugreport/crash.jsp
#

---------------  T H R E A D  ---------------

Current thread (0x00007f7758006000):  JavaThread "Unknown thread" [_thread_in_vm, id=5931, stack(0x00007f775c529000,0x00007f775c62a000)]

Stack: [0x00007f775c529000,0x00007f775c62a000],  sp=0x00007f775c628130,  free space=1020k
Native frames: (J=compiled Java code, j=interpreted, Vv=VM code, C=native code)
V  [libjvm.so+0x85ebd5]  VMError::report_and_die()+0x265
V  [libjvm.so+0x3e4286]  report_should_not_reach_here(char const*, int)+0x46
V  [libjvm.so+0x36d64b]  ClassFileParser::parseClassFile(symbolHandle, Handle, Handle, KlassHandle, GrowableArray<Handle>*, symbolHandle&, bool, Thread*)+0x2b8b
V  [libjvm.so+0x373adf]  ClassLoader::load_classfile(symbolHandle, Thread*)+0x22f
V  [libjvm.so+0x7eb85f]  SystemDictionary::load_instance_class(symbolHandle, Handle, Thread*)+0xef
V  [libjvm.so+0x7e9845]  SystemDictionary::resolve_instance_class_or_null(symbolHandle, Handle, Handle, Thread*)+0x575
V  [libjvm.so+0x7e85d1]  SystemDictionary::resolve_or_null(symbolHandle, Handle, Handle, Thread*)+0x81
V  [libjvm.so+0x7e81e4]  SystemDictionary::resolve_or_fail(symbolHandle, Handle, Handle, bool, Thread*)+0x34
V  [libjvm.so+0x7ed060]  SystemDictionary::initialize_wk_klass(SystemDictionary::WKID, int, Thread*)+0x70
V  [libjvm.so+0x7ed0f5]  SystemDictionary::initialize_wk_klasses_until(SystemDictionary::WKID, SystemDictionary::WKID&, Thread*)+0x45
V  [libjvm.so+0x7ed1d5]  SystemDictionary::initialize_preloaded_classes(Thread*)+0x75
V  [libjvm.so+0x7ecf88]  SystemDictionary::initialize(Thread*)+0xd8
V  [libjvm.so+0x8349c8]  Universe::genesis(Thread*)+0x598
V  [libjvm.so+0x8368d9]  universe2_init()+0x29
V  [libjvm.so+0x4ac57c]  init_globals()+0x8c
V  [libjvm.so+0x81cc74]  Threads::create_vm(JavaVMInitArgs*, bool*)+0x214
V  [libjvm.so+0x51a7b0]  JNI_CreateJavaVM+0x80


---------------  P R O C E S S  ---------------

Java Threads: ( => current thread )

Other Threads:

=>0x00007f7758006000 (exited) JavaThread "Unknown thread" [_thread_in_vm, id=5931, stack(0x00007f775c529000,0x00007f775c62a000)]

VM state:not at safepoint (not fully initialized)

VM Mutex/Monitor currently owned by a thread: None

Dynamic libraries:
40000000-40009000 r-xp 00000000 08:01 2628600                            /usr/java/jdk1.6.0_26/bin/java
40108000-4010a000 rwxp 00008000 08:01 2628600                            /usr/java/jdk1.6.0_26/bin/java
41006000-41027000 rwxp 00000000 00:00 0                                  [heap]
a5600000-a6ac0000 rwxp 00000000 00:00 0 
a6ac0000-aa800000 rwxp 00000000 00:00 0 
aa800000-ae100000 rwxp 00000000 00:00 0 
ae100000-e3800000 rwxp 00000000 00:00 0 
e3800000-e5480000 rwxp 00000000 00:00 0 
e5480000-100000000 rwxp 00000000 00:00 0 
37ff200000-37ff21f000 r-xp 00000000 08:01 1317480                        /lib64/ld-2.14.so
37ff41e000-37ff41f000 r-xp 0001e000 08:01 1317480                        /lib64/ld-2.14.so
37ff41f000-37ff420000 rwxp 0001f000 08:01 1317480                        /lib64/ld-2.14.so
37ff420000-37ff421000 rwxp 00000000 00:00 0 
37ffa00000-37ffb8f000 r-xp 00000000 08:01 1317481                        /lib64/libc-2.14.so
37ffb8f000-37ffd8f000 ---p 0018f000 08:01 1317481                        /lib64/libc-2.14.so
37ffd8f000-37ffd93000 r-xp 0018f000 08:01 1317481                        /lib64/libc-2.14.so
37ffd93000-37ffd94000 rwxp 00193000 08:01 1317481                        /lib64/libc-2.14.so
37ffd94000-37ffd9a000 rwxp 00000000 00:00 0 
37ffe00000-37ffe02000 r-xp 00000000 08:01 1310797                        /lib64/libdl-2.14.so
37ffe02000-3800002000 ---p 00002000 08:01 1310797                        /lib64/libdl-2.14.so
3800002000-3800003000 r-xp 00002000 08:01 1310797                        /lib64/libdl-2.14.so
3800003000-3800004000 rwxp 00003000 08:01 1310797                        /lib64/libdl-2.14.so
3800200000-3800283000 r-xp 00000000 08:01 1317487                        /lib64/libm-2.14.so
3800283000-3800482000 ---p 00083000 08:01 1317487                        /lib64/libm-2.14.so
3800482000-3800483000 r-xp 00082000 08:01 1317487                        /lib64/libm-2.14.so
3800483000-3800484000 rwxp 00083000 08:01 1317487                        /lib64/libm-2.14.so
3800600000-3800616000 r-xp 00000000 08:01 1310807                        /lib64/libpthread-2.14.so
3800616000-3800815000 ---p 00016000 08:01 1310807                        /lib64/libpthread-2.14.so
3800815000-3800816000 r-xp 00015000 08:01 1310807                        /lib64/libpthread-2.14.so
3800816000-3800817000 rwxp 00016000 08:01 1310807                        /lib64/libpthread-2.14.so
3800817000-380081b000 rwxp 00000000 00:00 0 
3800e00000-3800e07000 r-xp 00000000 08:01 1317483                        /lib64/librt-2.14.so
3800e07000-3801006000 ---p 00007000 08:01 1317483                        /lib64/librt-2.14.so
3801006000-3801007000 r-xp 00006000 08:01 1317483                        /lib64/librt-2.14.so
3801007000-3801008000 rwxp 00007000 08:01 1317483                        /lib64/librt-2.14.so
3816400000-3816416000 r-xp 00000000 08:01 1317519                        /lib64/libnsl-2.14.so
3816416000-3816615000 ---p 00016000 08:01 1317519                        /lib64/libnsl-2.14.so
3816615000-3816616000 r-xp 00015000 08:01 1317519                        /lib64/libnsl-2.14.so
3816616000-3816617000 rwxp 00016000 08:01 1317519                        /lib64/libnsl-2.14.so
3816617000-3816619000 rwxp 00000000 00:00 0 
7f7740000000-7f7740021000 rwxp 00000000 00:00 0 
7f7740021000-7f7744000000 ---p 00000000 00:00 0 
7f7748000000-7f7748021000 rwxp 00000000 00:00 0 
7f7748021000-7f774c000000 ---p 00000000 00:00 0 
7f774c000000-7f774c021000 rwxp 00000000 00:00 0 
7f774c021000-7f7750000000 ---p 00000000 00:00 0 
7f7750000000-7f7750021000 rwxp 00000000 00:00 0 
7f7750021000-7f7754000000 ---p 00000000 00:00 0 
7f775475e000-7f775475f000 ---p 00000000 00:00 0 
7f775475f000-7f775485f000 rwxp 00000000 00:00 0 
7f775485f000-7f7754860000 ---p 00000000 00:00 0 
7f7754860000-7f7754960000 rwxp 00000000 00:00 0 
7f7754960000-7f7754961000 ---p 00000000 00:00 0 
7f7754961000-7f7754a61000 rwxp 00000000 00:00 0 
7f7754a61000-7f7754a62000 ---p 00000000 00:00 0 
7f7754a62000-7f7754b7f000 rwxp 00000000 00:00 0 
7f7754b7f000-7f7754d2a000 rwxp 00000000 00:00 0 
7f7754d2a000-7f7754d35000 rwxp 00000000 00:00 0 
7f7754d35000-7f7754d53000 rwxp 00000000 00:00 0 
7f7754d53000-7f7754d70000 rwxp 00000000 00:00 0 
7f7754d70000-7f7754f1b000 rwxp 00000000 00:00 0 
7f7754f1b000-7f7754f2a000 rwxp 00000000 00:00 0 
7f7754f2a000-7f7754fff000 rwxp 00000000 00:00 0 
7f7754fff000-7f7755270000 rwxp 00000000 00:00 0 
7f7755270000-7f775806d000 rwxp 00000000 00:00 0 
7f775806d000-7f775c000000 ---p 00000000 00:00 0 
7f775c02b000-7f775c08a000 r-xs 00492000 08:01 1846868                    /usr/local/android-sdk-linux/platforms/android-7/android.jar
7f775c08a000-7f775c0bd000 rwxp 00000000 00:00 0 
7f775c0bd000-7f775c0db000 rwxp 00000000 00:00 0 
7f775c0db000-7f775c0e5000 rwxp 00000000 00:00 0 
7f775c0e5000-7f775c19b000 rwxp 00000000 00:00 0 
7f775c19b000-7f775c1a9000 r-xp 00000000 08:01 3939648                    /usr/java/jdk1.6.0_26/jre/lib/amd64/libzip.so
7f775c1a9000-7f775c2ab000 ---p 0000e000 08:01 3939648                    /usr/java/jdk1.6.0_26/jre/lib/amd64/libzip.so
7f775c2ab000-7f775c2ae000 rwxp 00010000 08:01 3939648                    /usr/java/jdk1.6.0_26/jre/lib/amd64/libzip.so
7f775c2ae000-7f775c2af000 rwxp 00000000 00:00 0 
7f775c2af000-7f775c2eb000 r-xs 00000000 08:01 3680390                    /var/db/nscd/passwd
7f775c2eb000-7f775c314000 r-xp 00000000 08:01 3939672                    /usr/java/jdk1.6.0_26/jre/lib/amd64/libjava.so
7f775c314000-7f775c413000 ---p 00029000 08:01 3939672                    /usr/java/jdk1.6.0_26/jre/lib/amd64/libjava.so
7f775c413000-7f775c41a000 rwxp 00028000 08:01 3939672                    /usr/java/jdk1.6.0_26/jre/lib/amd64/libjava.so
7f775c41a000-7f775c427000 r-xp 00000000 08:01 3939658                    /usr/java/jdk1.6.0_26/jre/lib/amd64/libverify.so
7f775c427000-7f775c526000 ---p 0000d000 08:01 3939658                    /usr/java/jdk1.6.0_26/jre/lib/amd64/libverify.so
7f775c526000-7f775c529000 rwxp 0000c000 08:01 3939658                    /usr/java/jdk1.6.0_26/jre/lib/amd64/libverify.so
7f775c529000-7f775c52c000 ---p 00000000 00:00 0 
7f775c52c000-7f775c62a000 rwxp 00000000 00:00 0 
7f775c62a000-7f775cf44000 r-xp 00000000 08:01 3939666                    /usr/java/jdk1.6.0_26/jre/lib/amd64/server/libjvm.so
7f775cf44000-7f775d046000 ---p 0091a000 08:01 3939666                    /usr/java/jdk1.6.0_26/jre/lib/amd64/server/libjvm.so
7f775d046000-7f775d1fb000 rwxp 0091c000 08:01 3939666                    /usr/java/jdk1.6.0_26/jre/lib/amd64/server/libjvm.so
7f775d1fb000-7f775d238000 rwxp 00000000 00:00 0 
7f775d238000-7f775d23f000 r-xp 00000000 08:01 3939656                    /usr/java/jdk1.6.0_26/jre/lib/amd64/jli/libjli.so
7f775d23f000-7f775d340000 ---p 00007000 08:01 3939656                    /usr/java/jdk1.6.0_26/jre/lib/amd64/jli/libjli.so
7f775d340000-7f775d342000 rwxp 00008000 08:01 3939656                    /usr/java/jdk1.6.0_26/jre/lib/amd64/jli/libjli.so
7f775d342000-7f775d343000 rwxp 00000000 00:00 0 
7f775d35e000-7f775d366000 rwxs 00000000 08:01 3936721                    /tmp/hsperfdata_dyeje/5927
7f775d366000-7f775d367000 rwxp 00000000 00:00 0 
7f775d367000-7f775d368000 r-xp 00000000 00:00 0 
7f775d368000-7f775d369000 rwxp 00000000 00:00 0 
7fffc9911000-7fffc9933000 rwxp 00000000 00:00 0                          [stack]
7fffc9982000-7fffc9983000 r-xp 00000000 00:00 0                          [vdso]
ffffffffff600000-ffffffffff601000 r-xp 00000000 00:00 0                  [vsyscall]

VM Arguments:
jvm_args: -Dfile.encoding=UTF-8 -Xbootclasspath:/usr/local/android-sdk-linux/platforms/android-7/android.jar:/usr/local/android-sdk-linux/add-ons/addon-google_apis-google_inc_-7/libs/maps.jar 
java_command: soc.net.Tester
Launcher Type: SUN_STANDARD

Environment Variables:
JAVA_HOME=/usr/java/jdk1.6.0_26
CLASSPATH=:/usr/java/mysql-connector-java-5.1.13/mysql-connector-java-5.1.13-bin.jar:.:/usr/java/mysql-connector-java-5.1.13/mysql-connector-java-5.1.13-bin.jar:.:/usr/java/mysql-connector-java-5.1.13/mysql-connector-java-5.1.13-bin.jar:.:/usr/java/mysql-connector-java-5.1.13/mysql-connector-java-5.1.13-bin.jar:.
PATH=/usr/lib64/qt-3.3/bin:/usr/lib64/mpich2/bin:/usr/lib64/ccache:/usr/local/bin:/usr/bin:/bin:/usr/games:/usr/local/sbin:/usr/sbin:/sbin:/bin:/usr/local/dlxview0.9:/lab/apps/oracle11.2.0.1.0/bin:/usr/java/bluej-3.0.4:/usr/java/netbeans-7.0/bin:/usr/java/eclipse-indigo:/usr/java/idea-IU-107.105/bin:/usr/local/weka-3-6-4:/usr/local/simplesim-3.0:/lab/windows:/lab/linux:/usr/local/android-sdk-linux/tools:/usr/local/AdobeReader-9.4.2/Reader9/bin:/usr/local/appengine-java-sdk-1.5.1/bin:/usr/local/mars-4.1/:/usr/java/jdk1.6.0_26/bin:/usr/local/dlxview0.9:/lab/apps/oracle11.2.0.1.0/bin:/usr/java/bluej-3.0.4:/usr/java/netbeans-7.0/bin:/usr/java/eclipse-indigo:/usr/java/idea-IU-107.105/bin:/usr/local/weka-3-6-4:/usr/local/simplesim-3.0:/lab/windows:/lab/linux:/usr/local/android-sdk-linux/tools:/usr/local/AdobeReader-9.4.2/Reader9/bin:/usr/local/appengine-java-sdk-1.5.1/bin:/usr/local/mars-4.1/:/usr/java/jdk1.6.0_26/bin:/usr/local/dlxview0.9:/lab/apps/oracle11.2.0.1.0/bin:/usr/java/bluej-3.0.4:/usr/java/netbeans-7.0/bin:/usr/java/eclipse-indigo:/usr/java/idea-IU-107.105/bin:/usr/local/weka-3-6-4:/usr/local/simplesim-3.0:/lab/windows:/lab/linux:/usr/local/android-sdk-linux/tools:/usr/local/AdobeReader-9.4.2/Reader9/bin:/usr/local/appengine-java-sdk-1.5.1/bin:/usr/local/mars-4.1/:/usr/java/jdk1.6.0_26/bin:/usr/local/dlxview0.9:/lab/apps/oracle11.2.0.1.0/bin:/usr/java/bluej-3.0.4:/usr/java/netbeans-7.0/bin:/usr/java/eclipse-indigo:/usr/java/idea-IU-107.105/bin:/usr/local/weka-3-6-4:/usr/local/simplesim-3.0:/lab/windows:/lab/linux:/usr/local/android-sdk-linux/tools:/usr/local/AdobeReader-9.4.2/Reader9/bin:/usr/local/appengine-java-sdk-1.5.1/bin:/usr/local/mars-4.1/
USERNAME=
LD_LIBRARY_PATH=/usr/java/jdk1.6.0_26/jre/lib/amd64/server:/usr/java/jdk1.6.0_26/jre/lib/amd64:/usr/java/jdk1.6.0_26/jre/../lib/amd64:/lab/apps/oracle11.2.0.1.0/lib:/usr/lib64/openmpi/lib/:/usr/lib64/mpich2/lib/
SHELL=/bin/bash
DISPLAY=:0.0

Signal Handlers:
SIGSEGV: [libjvm.so+0x85f800], sa_mask[0]=0x7ffbfeff, sa_flags=0x10000004
SIGBUS: [libjvm.so+0x85f800], sa_mask[0]=0x7ffbfeff, sa_flags=0x10000004
SIGFPE: [libjvm.so+0x70e300], sa_mask[0]=0x7ffbfeff, sa_flags=0x10000004
SIGPIPE: [libjvm.so+0x70e300], sa_mask[0]=0x7ffbfeff, sa_flags=0x10000004
SIGXFSZ: [libjvm.so+0x70e300], sa_mask[0]=0x7ffbfeff, sa_flags=0x10000004
SIGILL: [libjvm.so+0x70e300], sa_mask[0]=0x7ffbfeff, sa_flags=0x10000004
SIGUSR1: SIG_DFL, sa_mask[0]=0x00000000, sa_flags=0x00000000
SIGUSR2: [libjvm.so+0x711110], sa_mask[0]=0x00000004, sa_flags=0x10000004
SIGHUP: SIG_DFL, sa_mask[0]=0x00000000, sa_flags=0x00000000
SIGINT: SIG_DFL, sa_mask[0]=0x00000000, sa_flags=0x00000000
SIGTERM: SIG_DFL, sa_mask[0]=0x00000000, sa_flags=0x00000000
SIGQUIT: SIG_DFL, sa_mask[0]=0x00000000, sa_flags=0x00000000


---------------  S Y S T E M  ---------------

OS:Fedora release 15 (Lovelock)

uname:Linux 2.6.41.4-1.fc15.x86_64 #1 SMP Tue Nov 29 11:53:48 UTC 2011 x86_64
libc:glibc 2.14 NPTL 2.14 
rlimit: STACK 8192k, CORE 0k, NPROC 1024, NOFILE 4096, AS infinity
load average:0.04 0.07 0.09

/proc/meminfo:
MemTotal:        5599860 kB
MemFree:         2644024 kB
Buffers:           76380 kB
Cached:          1636020 kB
SwapCached:            0 kB
Active:          1484044 kB
Inactive:        1259324 kB
Active(anon):    1030548 kB
Inactive(anon):     2380 kB
Active(file):     453496 kB
Inactive(file):  1256944 kB
Unevictable:           0 kB
Mlocked:               0 kB
SwapTotal:       2096124 kB
SwapFree:        2096124 kB
Dirty:                80 kB
Writeback:             0 kB
AnonPages:       1027048 kB
Mapped:           106684 kB
Shmem:              1840 kB
Slab:              73252 kB
SReclaimable:      54268 kB
SUnreclaim:        18984 kB
KernelStack:        3016 kB
PageTables:        30296 kB
NFS_Unstable:          0 kB
Bounce:                0 kB
WritebackTmp:          0 kB
CommitLimit:     4896052 kB
Committed_AS:    2054020 kB
VmallocTotal:   34359738367 kB
VmallocUsed:      104888 kB
VmallocChunk:   34359629868 kB
HardwareCorrupted:     0 kB
AnonHugePages:    608256 kB
HugePages_Total:       0
HugePages_Free:        0
HugePages_Rsvd:        0
HugePages_Surp:        0
Hugepagesize:       2048 kB
DirectMap4k:       12056 kB
DirectMap2M:     2609152 kB
DirectMap1G:     3145728 kB


CPU:total 4 (4 cores per cpu, 1 threads per core) family 16 model 4 stepping 3, cmov, cx8, fxsr, mmx, sse, sse2, sse3, popcnt, mmxext, 3dnow, 3dnowext, lzcnt, sse4a

/proc/cpuinfo:
processor	: 0
vendor_id	: AuthenticAMD
cpu family	: 16
model		: 4
model name	: AMD Phenom(tm) II X4 B97 Processor
stepping	: 3
cpu MHz		: 2500.000
cache size	: 512 KB
physical id	: 0
siblings	: 4
core id		: 0
cpu cores	: 4
apicid		: 0
initial apicid	: 0
fpu		: yes
fpu_exception	: yes
cpuid level	: 5
wp		: yes
flags		: fpu vme de pse tsc msr pae mce cx8 apic sep mtrr pge mca cmov pat pse36 clflush mmx fxsr sse sse2 ht syscall nx mmxext fxsr_opt pdpe1gb rdtscp lm 3dnowext 3dnow constant_tsc rep_good nopl nonstop_tsc extd_apicid pni monitor cx16 popcnt lahf_lm cmp_legacy svm extapic cr8_legacy abm sse4a misalignsse 3dnowprefetch osvw ibs skinit wdt npt lbrv svm_lock nrip_save
bogomips	: 6384.00
TLB size	: 1024 4K pages
clflush size	: 64
cache_alignment	: 64
address sizes	: 48 bits physical, 48 bits virtual
power management: ts ttp tm stc 100mhzsteps hwpstate

processor	: 1
vendor_id	: AuthenticAMD
cpu family	: 16
model		: 4
model name	: AMD Phenom(tm) II X4 B97 Processor
stepping	: 3
cpu MHz		: 2000.000
cache size	: 512 KB
physical id	: 0
siblings	: 4
core id		: 1
cpu cores	: 4
apicid		: 1
initial apicid	: 1
fpu		: yes
fpu_exception	: yes
cpuid level	: 5
wp		: yes
flags		: fpu vme de pse tsc msr pae mce cx8 apic sep mtrr pge mca cmov pat pse36 clflush mmx fxsr sse sse2 ht syscall nx mmxext fxsr_opt pdpe1gb rdtscp lm 3dnowext 3dnow constant_tsc rep_good nopl nonstop_tsc extd_apicid pni monitor cx16 popcnt lahf_lm cmp_legacy svm extapic cr8_legacy abm sse4a misalignsse 3dnowprefetch osvw ibs skinit wdt npt lbrv svm_lock nrip_save
bogomips	: 6384.05
TLB size	: 1024 4K pages
clflush size	: 64
cache_alignment	: 64
address sizes	: 48 bits physical, 48 bits virtual
power management: ts ttp tm stc 100mhzsteps hwpstate

processor	: 2
vendor_id	: AuthenticAMD
cpu family	: 16
model		: 4
model name	: AMD Phenom(tm) II X4 B97 Processor
stepping	: 3
cpu MHz		: 800.000
cache size	: 512 KB
physical id	: 0
siblings	: 4
core id		: 2
cpu cores	: 4
apicid		: 2
initial apicid	: 2
fpu		: yes
fpu_exception	: yes
cpuid level	: 5
wp		: yes
flags		: fpu vme de pse tsc msr pae mce cx8 apic sep mtrr pge mca cmov pat pse36 clflush mmx fxsr sse sse2 ht syscall nx mmxext fxsr_opt pdpe1gb rdtscp lm 3dnowext 3dnow constant_tsc rep_good nopl nonstop_tsc extd_apicid pni monitor cx16 popcnt lahf_lm cmp_legacy svm extapic cr8_legacy abm sse4a misalignsse 3dnowprefetch osvw ibs skinit wdt npt lbrv svm_lock nrip_save
bogomips	: 6384.06
TLB size	: 1024 4K pages
clflush size	: 64
cache_alignment	: 64
address sizes	: 48 bits physical, 48 bits virtual
power management: ts ttp tm stc 100mhzsteps hwpstate

processor	: 3
vendor_id	: AuthenticAMD
cpu family	: 16
model		: 4
model name	: AMD Phenom(tm) II X4 B97 Processor
stepping	: 3
cpu MHz		: 800.000
cache size	: 512 KB
physical id	: 0
siblings	: 4
core id		: 3
cpu cores	: 4
apicid		: 3
initial apicid	: 3
fpu		: yes
fpu_exception	: yes
cpuid level	: 5
wp		: yes
flags		: fpu vme de pse tsc msr pae mce cx8 apic sep mtrr pge mca cmov pat pse36 clflush mmx fxsr sse sse2 ht syscall nx mmxext fxsr_opt pdpe1gb rdtscp lm 3dnowext 3dnow constant_tsc rep_good nopl nonstop_tsc extd_apicid pni monitor cx16 popcnt lahf_lm cmp_legacy svm extapic cr8_legacy abm sse4a misalignsse 3dnowprefetch osvw ibs skinit wdt npt lbrv svm_lock nrip_save
bogomips	: 6384.06
TLB size	: 1024 4K pages
clflush size	: 64
cache_alignment	: 64
address sizes	: 48 bits physical, 48 bits virtual
power management: ts ttp tm stc 100mhzsteps hwpstate



Memory: 4k page, physical 5599860k(2644024k free), swap 2096124k(2096124k free)

vm_info: Java HotSpot(TM) 64-Bit Server VM (20.1-b02) for linux-amd64 JRE (1.6.0_26-b03), built on May  4 2011 01:13:47 by "java_re" with gcc 3.2.2 (SuSE Linux)

time: Wed Jan 11 17:13:24 2012
elapsed time: 0 seconds

